Performing C SOURCE FILE Test CMAKE_HAVE_LIBC_PTHREAD failed with the following output:
Change Dir: /home/vchavauty/Documents/Code/Yolk/build/CMakeFiles/CMakeTmp

Run Build Command(s):/usr/bin/gmake -f Makefile cmTC_b5546/fast && /usr/bin/gmake  -f CMakeFiles/cmTC_b5546.dir/build.make CMakeFiles/cmTC_b5546.dir/build
gmake[1]: Entering directory '/home/vchavauty/Documents/Code/Yolk/build/CMakeFiles/CMakeTmp'
Building C object CMakeFiles/cmTC_b5546.dir/src.c.o
/usr/bin/cc -DCMAKE_HAVE_LIBC_PTHREAD   -o CMakeFiles/cmTC_b5546.dir/src.c.o -c /home/vchavauty/Documents/Code/Yolk/build/CMakeFiles/CMakeTmp/src.c
Linking C executable cmTC_b5546
/usr/local/bin/cmake -E cmake_link_script CMakeFiles/cmTC_b5546.dir/link.txt --verbose=1
/usr/bin/cc -rdynamic CMakeFiles/cmTC_b5546.dir/src.c.o -o cmTC_b5546 
/usr/bin/ld: CMakeFiles/cmTC_b5546.dir/src.c.o: in function `main':
src.c:(.text+0x2f): undefined reference to `pthread_create'
/usr/bin/ld: src.c:(.text+0x3b): undefined reference to `pthread_detach'
/usr/bin/ld: src.c:(.text+0x47): undefined reference to `pthread_cancel'
/usr/bin/ld: src.c:(.text+0x58): undefined reference to `pthread_join'
collect2: error: ld returned 1 exit status
gmake[1]: *** [CMakeFiles/cmTC_b5546.dir/build.make:99: cmTC_b5546] Error 1
gmake[1]: Leaving directory '/home/vchavauty/Documents/Code/Yolk/build/CMakeFiles/CMakeTmp'
gmake: *** [Makefile:127: cmTC_b5546/fast] Error 2


Source file was:
#include <pthread.h>

static void* test_func(void* data)
{
  return data;
}

int main(void)
{
  pthread_t thread;
  pthread_create(&thread, NULL, test_func, NULL);
  pthread_detach(thread);
  pthread_cancel(thread);
  pthread_join(thread, NULL);
  pthread_atfork(NULL, NULL, NULL);
  pthread_exit(NULL);

  return 0;
}

Determining if the function pthread_create exists in the pthreads failed with the following output:
Change Dir: /home/vchavauty/Documents/Code/Yolk/build/CMakeFiles/CMakeTmp

Run Build Command(s):/usr/bin/gmake -f Makefile cmTC_204ed/fast && /usr/bin/gmake  -f CMakeFiles/cmTC_204ed.dir/build.make CMakeFiles/cmTC_204ed.dir/build
gmake[1]: Entering directory '/home/vchavauty/Documents/Code/Yolk/build/CMakeFiles/CMakeTmp'
Building C object CMakeFiles/cmTC_204ed.dir/CheckFunctionExists.c.o
/usr/bin/cc   -DCHECK_FUNCTION_EXISTS=pthread_create -o CMakeFiles/cmTC_204ed.dir/CheckFunctionExists.c.o -c /usr/local/share/cmake-3.22/Modules/CheckFunctionExists.c
Linking C executable cmTC_204ed
/usr/local/bin/cmake -E cmake_link_script CMakeFiles/cmTC_204ed.dir/link.txt --verbose=1
/usr/bin/cc  -DCHECK_FUNCTION_EXISTS=pthread_create -rdynamic CMakeFiles/cmTC_204ed.dir/CheckFunctionExists.c.o -o cmTC_204ed  -lpthreads 
/usr/bin/ld: cannot find -lpthreads
collect2: error: ld returned 1 exit status
gmake[1]: *** [CMakeFiles/cmTC_204ed.dir/build.make:99: cmTC_204ed] Error 1
gmake[1]: Leaving directory '/home/vchavauty/Documents/Code/Yolk/build/CMakeFiles/CMakeTmp'
gmake: *** [Makefile:127: cmTC_204ed/fast] Error 2



